2022-09-29T18:59:32.986  WARN --- [  Thread-110] hypercorn.error            : ASGI Framework Lifespan error, continuing without Lifespan support
2022-09-29T18:59:32.986  WARN --- [  Thread-110] hypercorn.error            : ASGI Framework Lifespan error, continuing without Lifespan support
2022-09-29T18:59:32.997  INFO --- [  Thread-110] hypercorn.error            : Running on https://0.0.0.0:4566 (CTRL + C to quit)
2022-09-29T18:59:32.997  INFO --- [  Thread-110] hypercorn.error            : Running on https://0.0.0.0:4566 (CTRL + C to quit)
2022-09-29T18:59:33.114  INFO --- [  MainThread] localstack.utils.bootstrap : Execution of "start_runtime_components" took 1057.59ms
2022-09-29T19:05:37.925  INFO --- [   asgi_gw_0] localstack.request.aws     : AWS sqs.CreateQueue => 200
2022-09-29T19:06:56.034  INFO --- [   asgi_gw_1] localstack.request.aws     : AWS sns.CreateTopic => 200
2022-09-29T19:06:57.327  INFO --- [   asgi_gw_0] localstack.request.aws     : AWS sqs.GetQueueUrl => 200
2022-09-29T19:07:17.407  INFO --- [   asgi_gw_1] localstack.request.http    : POST /000000000000/patient-email-request => 200
2022-09-29T19:07:37.439  INFO --- [   asgi_gw_2] localstack.request.http    : POST /000000000000/patient-email-request => 200
2022-09-29T19:07:57.473  INFO --- [   asgi_gw_0] localstack.request.http    : POST /000000000000/patient-email-request => 200
2022-09-29T19:08:17.506  INFO --- [   asgi_gw_1] localstack.request.http    : POST /000000000000/patient-email-request => 200
2022-09-29T19:08:37.578  INFO --- [   asgi_gw_2] localstack.request.http    : POST /000000000000/patient-email-request => 200
2022-09-29T19:08:57.612  INFO --- [   asgi_gw_0] localstack.request.http    : POST /000000000000/patient-email-request => 200
2022-09-29T19:09:17.648  INFO --- [   asgi_gw_1] localstack.request.http    : POST /000000000000/patient-email-request => 200
2022-09-29T19:09:37.731  INFO --- [   asgi_gw_2] localstack.request.http    : POST /000000000000/patient-email-request => 200
2022-09-29T19:09:57.753  INFO --- [   asgi_gw_0] localstack.request.http    : POST /000000000000/patient-email-request => 200
2022-09-29T19:10:17.780  INFO --- [   asgi_gw_1] localstack.request.http    : POST /000000000000/patient-email-request => 200
2022-09-29T19:10:37.872  INFO --- [   asgi_gw_2] localstack.request.http    : POST /000000000000/patient-email-request => 200
2022-09-29T19:10:57.897  INFO --- [   asgi_gw_0] localstack.request.http    : POST /000000000000/patient-email-request => 200
2022-09-29T19:11:17.930  INFO --- [   asgi_gw_1] localstack.request.http    : POST /000000000000/patient-email-request => 200
2022-09-29T19:11:38.015  INFO --- [   asgi_gw_2] localstack.request.http    : POST /000000000000/patient-email-request => 200
2022-09-29T19:11:58.048  INFO --- [   asgi_gw_0] localstack.request.http    : POST /000000000000/patient-email-request => 200
2022-09-29T19:12:18.104  INFO --- [   asgi_gw_1] localstack.request.http    : POST /000000000000/patient-email-request => 200
2022-09-29T19:12:38.200  INFO --- [   asgi_gw_2] localstack.request.http    : POST /000000000000/patient-email-request => 200
2022-09-29T19:12:58.236  INFO --- [   asgi_gw_0] localstack.request.http    : POST /000000000000/patient-email-request => 200
2022-09-29T19:13:18.261  INFO --- [   asgi_gw_1] localstack.request.http    : POST /000000000000/patient-email-request => 200
2022-09-29T19:13:38.346  INFO --- [   asgi_gw_2] localstack.request.http    : POST /000000000000/patient-email-request => 200
2022-09-29T19:13:58.379  INFO --- [   asgi_gw_0] localstack.request.http    : POST /000000000000/patient-email-request => 200
2022-09-29T19:14:18.410  INFO --- [   asgi_gw_1] localstack.request.http    : POST /000000000000/patient-email-request => 200
2022-09-29T19:14:38.503  INFO --- [   asgi_gw_2] localstack.request.http    : POST /000000000000/patient-email-request => 200
2022-09-29T19:14:58.533  INFO --- [   asgi_gw_0] localstack.request.http    : POST /000000000000/patient-email-request => 200
2022-09-29T19:15:18.578  INFO --- [   asgi_gw_1] localstack.request.http    : POST /000000000000/patient-email-request => 200
2022-09-29T19:15:35.638  INFO --- [  Thread-237] l.services.motoserver      : starting moto server on http://0.0.0.0:48549
2022-09-29T19:15:35.643  INFO --- [   asgi_gw_0] localstack.services.infra  : Starting mock S3 service on http port 4566 ...
2022-09-29T19:15:35.758  INFO --- [   asgi_gw_0] localstack.request.aws     : AWS s3.CreateBucket => 200
2022-09-29T19:15:38.648  INFO --- [   asgi_gw_2] localstack.request.http    : POST /000000000000/patient-email-request => 200
2022-09-29T19:15:58.685  INFO --- [   asgi_gw_0] localstack.request.http    : POST /000000000000/patient-email-request => 200
2022-09-29T19:16:18.715  INFO --- [   asgi_gw_1] localstack.request.http    : POST /000000000000/patient-email-request => 200
2022-09-29T19:16:24.559  INFO --- [   asgi_gw_0] localstack.request.aws     : AWS s3.ListBuckets => 200
2022-09-29T19:16:38.799  INFO --- [   asgi_gw_2] localstack.request.http    : POST /000000000000/patient-email-request => 200
2022-09-29T19:16:50.525  INFO --- [   asgi_gw_1] localstack.request.aws     : AWS sns.Subscribe => 200
2022-09-29T19:16:58.829  INFO --- [   asgi_gw_0] localstack.request.http    : POST /000000000000/patient-email-request => 200
2022-09-29T19:17:15.980  INFO --- [  Thread-261] l.services.dynamodb.server : Initializing DynamoDB Local with the following configuration:
2022-09-29T19:17:15.980  INFO --- [  Thread-261] l.services.dynamodb.server : Port:	44451
2022-09-29T19:17:15.980  INFO --- [  Thread-261] l.services.dynamodb.server : InMemory:	false
2022-09-29T19:17:15.980  INFO --- [  Thread-261] l.services.dynamodb.server : DbPath:	/var/lib/localstack/tmp/state/dynamodb
2022-09-29T19:17:15.980  INFO --- [  Thread-261] l.services.dynamodb.server : SharedDb:	false
2022-09-29T19:17:15.980  INFO --- [  Thread-261] l.services.dynamodb.server : shouldDelayTransientStatuses:	false
2022-09-29T19:17:15.980  INFO --- [  Thread-261] l.services.dynamodb.server : CorsParams:	*
2022-09-29T19:17:16.003  INFO --- [  Thread-261] l.services.dynamodb.server : 
2022-09-29T19:17:18.217  INFO --- [   asgi_gw_2] localstack.utils.bootstrap : Execution of "require" took 3215.94ms
2022-09-29T19:17:18.853  INFO --- [   asgi_gw_1] localstack.request.http    : POST /000000000000/patient-email-request => 200
2022-09-29T19:17:19.128  INFO --- [   asgi_gw_2] localstack.request.aws     : AWS dynamodb.CreateTable => 200
2022-09-29T19:17:38.950  INFO --- [   asgi_gw_3] localstack.request.http    : POST /000000000000/patient-email-request => 200
2022-09-29T19:17:58.990  INFO --- [   asgi_gw_0] localstack.request.http    : POST /000000000000/patient-email-request => 200
2022-09-29T19:18:19.035  INFO --- [   asgi_gw_2] localstack.request.http    : POST /000000000000/patient-email-request => 200
2022-09-29T19:18:39.129  INFO --- [   asgi_gw_3] localstack.request.http    : POST /000000000000/patient-email-request => 200
2022-09-29T19:18:42.563  INFO --- [   asgi_gw_2] localstack.request.aws     : AWS sqs.CreateQueue => 400 (QueueAlreadyExists)
2022-09-29T19:18:57.825  INFO --- [   asgi_gw_2] localstack.request.aws     : AWS dynamodb.CreateTable => 400 (ResourceInUseException)
2022-09-29T19:18:59.157  INFO --- [   asgi_gw_0] localstack.request.http    : POST /000000000000/patient-email-request => 200
2022-09-29T19:19:19.180  INFO --- [   asgi_gw_3] localstack.request.http    : POST /000000000000/patient-email-request => 200
2022-09-29T19:19:19.561  INFO --- [   asgi_gw_0] localstack.request.aws     : AWS sns.CreateTopic => 200
2022-09-29T19:19:39.249  INFO --- [   asgi_gw_2] localstack.request.http    : POST /000000000000/patient-email-request => 200
2022-09-29T19:19:59.297  INFO --- [   asgi_gw_0] localstack.request.http    : POST /000000000000/patient-email-request => 200
2022-09-29T19:20:19.335  INFO --- [   asgi_gw_3] localstack.request.http    : POST /000000000000/patient-email-request => 200
2022-09-29T19:20:39.414  INFO --- [   asgi_gw_2] localstack.request.http    : POST /000000000000/patient-email-request => 200
2022-09-29T19:20:59.445  INFO --- [   asgi_gw_0] localstack.request.http    : POST /000000000000/patient-email-request => 200
2022-09-29T19:21:19.462  INFO --- [   asgi_gw_3] localstack.request.http    : POST /000000000000/patient-email-request => 200
2022-09-29T19:21:39.532  INFO --- [   asgi_gw_2] localstack.request.http    : POST /000000000000/patient-email-request => 200
2022-09-29T19:21:59.556  INFO --- [   asgi_gw_3] localstack.request.http    : POST /000000000000/patient-email-request => 200
2022-09-29T19:22:19.579  INFO --- [   asgi_gw_0] localstack.request.http    : POST /000000000000/patient-email-request => 200
2022-09-29T19:22:39.640  INFO --- [   asgi_gw_2] localstack.request.http    : POST /000000000000/patient-email-request => 200
2022-09-29T19:22:59.660  INFO --- [   asgi_gw_3] localstack.request.http    : POST /000000000000/patient-email-request => 200
2022-09-29T19:23:19.689  INFO --- [   asgi_gw_0] localstack.request.http    : POST /000000000000/patient-email-request => 200
2022-09-29T19:23:39.757  INFO --- [   asgi_gw_2] localstack.request.http    : POST /000000000000/patient-email-request => 200
2022-09-29T19:23:53.375  INFO --- [   asgi_gw_2] localstack.request.aws     : AWS dynamodb.UpdateItem => 200
2022-09-29T19:23:59.775  INFO --- [   asgi_gw_3] localstack.request.http    : POST /000000000000/patient-email-request => 200
2022-09-29T19:23:59.812  INFO --- [   asgi_gw_0] localstack.request.aws     : AWS dynamodb.Scan => 200
2022-09-29T19:24:09.169  INFO --- [   asgi_gw_0] localstack.request.aws     : AWS s3.GetBucketAcl => 200
2022-09-29T19:24:09.565  INFO --- [   asgi_gw_3] localstack.request.aws     : AWS s3.PutObject => 200
2022-09-29T19:24:09.713  INFO --- [   asgi_gw_0] localstack.request.aws     : AWS sqs.SendMessage => 200
2022-09-29T19:24:14.799  INFO --- [   asgi_gw_1] localstack.request.http    : POST /000000000000/patient-email-request => 200
2022-09-29T19:24:14.925  INFO --- [   asgi_gw_2] localstack.request.http    : POST /000000000000/patient-email-request => 200
2022-09-29T19:24:15.086  INFO --- [   asgi_gw_3] localstack.request.aws     : AWS sns.Subscribe => 200
2022-09-29T19:24:15.102  INFO --- [   asgi_gw_2] localstack.request.aws     : AWS sns.Publish => 200
2022-09-29T19:24:15.122  INFO --- [   asgi_gw_3] localstack.request.aws     : AWS sns.Unsubscribe => 200
2022-09-29T19:24:26.131  INFO --- [   asgi_gw_3] localstack.request.aws     : AWS s3.GetBucketAcl => 200
2022-09-29T19:24:26.159  INFO --- [   asgi_gw_2] localstack.request.aws     : AWS s3.PutObject => 200
2022-09-29T19:24:26.168  INFO --- [   asgi_gw_3] localstack.request.aws     : AWS sqs.SendMessage => 200
2022-09-29T19:24:31.793  INFO --- [   asgi_gw_0] localstack.request.http    : POST /000000000000/patient-email-request => 200
2022-09-29T19:24:31.942  INFO --- [   asgi_gw_3] localstack.request.http    : POST /000000000000/patient-email-request => 200
2022-09-29T19:24:31.958  INFO --- [   asgi_gw_0] localstack.request.aws     : AWS sns.Subscribe => 200
2022-09-29T19:24:31.965  INFO --- [   asgi_gw_3] localstack.request.aws     : AWS sns.Publish => 200
2022-09-29T19:24:31.980  INFO --- [   asgi_gw_3] localstack.request.aws     : AWS sns.Unsubscribe => 200
2022-09-29T19:24:51.819  INFO --- [   asgi_gw_2] localstack.request.http    : POST /000000000000/patient-email-request => 200
2022-09-29T19:24:58.367  INFO --- [   asgi_gw_2] localstack.request.aws     : AWS s3.GetObject => 200
2022-09-29T19:25:11.846  INFO --- [   asgi_gw_3] localstack.request.http    : POST /000000000000/patient-email-request => 200
2022-09-29T19:25:31.867  INFO --- [   asgi_gw_2] localstack.request.http    : POST /000000000000/patient-email-request => 200
2022-09-29T19:25:51.951  INFO --- [   asgi_gw_0] localstack.request.http    : POST /000000000000/patient-email-request => 200
2022-09-29T19:26:11.983  INFO --- [   asgi_gw_3] localstack.request.http    : POST /000000000000/patient-email-request => 200
2022-09-29T19:26:32.010  INFO --- [   asgi_gw_2] localstack.request.http    : POST /000000000000/patient-email-request => 200
2022-09-29T19:26:52.077  INFO --- [   asgi_gw_0] localstack.request.http    : POST /000000000000/patient-email-request => 200
2022-09-29T19:27:12.095  INFO --- [   asgi_gw_2] localstack.request.http    : POST /000000000000/patient-email-request => 200
2022-09-29T19:27:32.119  INFO --- [   asgi_gw_3] localstack.request.http    : POST /000000000000/patient-email-request => 200
2022-09-29T19:27:52.190  INFO --- [   asgi_gw_0] localstack.request.http    : POST /000000000000/patient-email-request => 200
2022-09-29T19:28:12.215  INFO --- [   asgi_gw_2] localstack.request.http    : POST /000000000000/patient-email-request => 200
2022-09-29T19:28:32.254  INFO --- [   asgi_gw_3] localstack.request.http    : POST /000000000000/patient-email-request => 200
2022-09-29T19:28:52.357  INFO --- [   asgi_gw_0] localstack.request.http    : POST /000000000000/patient-email-request => 200
2022-09-29T19:29:12.402  INFO --- [   asgi_gw_2] localstack.request.http    : POST /000000000000/patient-email-request => 200
2022-09-29T19:29:32.438  INFO --- [   asgi_gw_3] localstack.request.http    : POST /000000000000/patient-email-request => 200
2022-09-29T19:29:52.515  INFO --- [   asgi_gw_2] localstack.request.http    : POST /000000000000/patient-email-request => 200
2022-09-29T19:30:12.547  INFO --- [   asgi_gw_0] localstack.request.http    : POST /000000000000/patient-email-request => 200
2022-09-29T19:30:32.580  INFO --- [   asgi_gw_3] localstack.request.http    : POST /000000000000/patient-email-request => 200
2022-09-29T19:30:52.671  INFO --- [   asgi_gw_2] localstack.request.http    : POST /000000000000/patient-email-request => 200
2022-09-29T19:31:12.718  INFO --- [   asgi_gw_0] localstack.request.http    : POST /000000000000/patient-email-request => 200
2022-09-29T19:31:32.766  INFO --- [   asgi_gw_3] localstack.request.http    : POST /000000000000/patient-email-request => 200
2022-09-29T19:31:52.835  INFO --- [   asgi_gw_2] localstack.request.http    : POST /000000000000/patient-email-request => 200
2022-09-29T19:32:12.863  INFO --- [   asgi_gw_0] localstack.request.http    : POST /000000000000/patient-email-request => 200
2022-09-29T19:32:32.882  INFO --- [   asgi_gw_2] localstack.request.http    : POST /000000000000/patient-email-request => 200
2022-09-29T19:32:52.966  INFO --- [   asgi_gw_3] localstack.request.http    : POST /000000000000/patient-email-request => 200
2022-09-29T19:33:13.016  INFO --- [   asgi_gw_0] localstack.request.http    : POST /000000000000/patient-email-request => 200
2022-09-29T19:33:33.064  INFO --- [   asgi_gw_2] localstack.request.http    : POST /000000000000/patient-email-request => 200
2022-09-29T19:33:53.151  INFO --- [   asgi_gw_3] localstack.request.http    : POST /000000000000/patient-email-request => 200
2022-09-29T19:34:13.178  INFO --- [   asgi_gw_0] localstack.request.http    : POST /000000000000/patient-email-request => 200
2022-09-29T19:34:33.213  INFO --- [   asgi_gw_2] localstack.request.http    : POST /000000000000/patient-email-request => 200
2022-09-29T19:34:53.292  INFO --- [   asgi_gw_3] localstack.request.http    : POST /000000000000/patient-email-request => 200
2022-09-29T19:35:13.318  INFO --- [   asgi_gw_2] localstack.request.http    : POST /000000000000/patient-email-request => 200
2022-09-29T19:35:33.354  INFO --- [   asgi_gw_0] localstack.request.http    : POST /000000000000/patient-email-request => 200
2022-09-29T19:35:53.436  INFO --- [   asgi_gw_3] localstack.request.http    : POST /000000000000/patient-email-request => 200
2022-09-29T19:36:13.471  INFO --- [   asgi_gw_2] localstack.request.http    : POST /000000000000/patient-email-request => 200
2022-09-29T19:36:33.496  INFO --- [   asgi_gw_0] localstack.request.http    : POST /000000000000/patient-email-request => 200
2022-09-29T19:36:53.592  INFO --- [   asgi_gw_3] localstack.request.http    : POST /000000000000/patient-email-request => 200
2022-09-29T19:37:13.630  INFO --- [   asgi_gw_2] localstack.request.http    : POST /000000000000/patient-email-request => 200
2022-09-29T19:37:33.659  INFO --- [   asgi_gw_0] localstack.request.http    : POST /000000000000/patient-email-request => 200
2022-09-29T19:37:53.758  INFO --- [   asgi_gw_3] localstack.request.http    : POST /000000000000/patient-email-request => 200
2022-09-29T19:38:13.803  INFO --- [   asgi_gw_0] localstack.request.http    : POST /000000000000/patient-email-request => 200
2022-09-29T19:38:33.836  INFO --- [   asgi_gw_2] localstack.request.http    : POST /000000000000/patient-email-request => 200
2022-09-29T19:38:53.910  INFO --- [   asgi_gw_3] localstack.request.http    : POST /000000000000/patient-email-request => 200
2022-09-29T19:39:13.958  INFO --- [   asgi_gw_0] localstack.request.http    : POST /000000000000/patient-email-request => 200
2022-09-29T19:39:33.998  INFO --- [   asgi_gw_2] localstack.request.http    : POST /000000000000/patient-email-request => 200
2022-09-29T19:39:54.086  INFO --- [   asgi_gw_0] localstack.request.http    : POST /000000000000/patient-email-request => 200
2022-09-29T19:40:14.120  INFO --- [   asgi_gw_3] localstack.request.http    : POST /000000000000/patient-email-request => 200
2022-09-29T19:40:34.160  INFO --- [   asgi_gw_2] localstack.request.http    : POST /000000000000/patient-email-request => 200
2022-09-29T19:40:54.221  INFO --- [   asgi_gw_3] localstack.request.http    : POST /000000000000/patient-email-request => 200
2022-09-29T19:41:14.244  INFO --- [   asgi_gw_0] localstack.request.http    : POST /000000000000/patient-email-request => 200
2022-09-29T19:41:34.273  INFO --- [   asgi_gw_3] localstack.request.http    : POST /000000000000/patient-email-request => 200
2022-09-29T19:41:54.360  INFO --- [   asgi_gw_2] localstack.request.http    : POST /000000000000/patient-email-request => 200
2022-09-29T19:42:14.420  INFO --- [   asgi_gw_0] localstack.request.http    : POST /000000000000/patient-email-request => 200
2022-09-29T19:42:34.450  INFO --- [   asgi_gw_3] localstack.request.http    : POST /000000000000/patient-email-request => 200
2022-09-29T19:42:54.543  INFO --- [   asgi_gw_2] localstack.request.http    : POST /000000000000/patient-email-request => 200
2022-09-29T19:43:14.571  INFO --- [   asgi_gw_0] localstack.request.http    : POST /000000000000/patient-email-request => 200
2022-09-29T19:43:34.619  INFO --- [   asgi_gw_3] localstack.request.http    : POST /000000000000/patient-email-request => 200
2022-09-29T19:43:54.685  INFO --- [   asgi_gw_0] localstack.request.http    : POST /000000000000/patient-email-request => 200
2022-09-29T19:44:14.716  INFO --- [   asgi_gw_2] localstack.request.http    : POST /000000000000/patient-email-request => 200
2022-09-29T19:44:34.741  INFO --- [   asgi_gw_3] localstack.request.http    : POST /000000000000/patient-email-request => 200
2022-09-29T19:44:54.805  INFO --- [   asgi_gw_0] localstack.request.http    : POST /000000000000/patient-email-request => 200
2022-09-29T19:45:14.858  INFO --- [   asgi_gw_2] localstack.request.http    : POST /000000000000/patient-email-request => 200
2022-09-29T19:45:34.901  INFO --- [   asgi_gw_3] localstack.request.http    : POST /000000000000/patient-email-request => 200
2022-09-29T19:45:54.997  INFO --- [   asgi_gw_0] localstack.request.http    : POST /000000000000/patient-email-request => 200
2022-09-29T19:46:15.040  INFO --- [   asgi_gw_2] localstack.request.http    : POST /000000000000/patient-email-request => 200
2022-09-29T19:46:35.071  INFO --- [   asgi_gw_0] localstack.request.http    : POST /000000000000/patient-email-request => 200
2022-09-29T19:46:55.146  INFO --- [   asgi_gw_3] localstack.request.http    : POST /000000000000/patient-email-request => 200
2022-09-29T19:47:15.178  INFO --- [   asgi_gw_0] localstack.request.http    : POST /000000000000/patient-email-request => 200
2022-09-29T19:47:35.215  INFO --- [   asgi_gw_2] localstack.request.http    : POST /000000000000/patient-email-request => 200
2022-09-29T19:47:55.292  INFO --- [   asgi_gw_3] localstack.request.http    : POST /000000000000/patient-email-request => 200
2022-09-29T19:48:15.335  INFO --- [   asgi_gw_0] localstack.request.http    : POST /000000000000/patient-email-request => 200
2022-09-29T19:48:35.370  INFO --- [   asgi_gw_2] localstack.request.http    : POST /000000000000/patient-email-request => 200
2022-09-29T19:48:55.458  INFO --- [   asgi_gw_3] localstack.request.http    : POST /000000000000/patient-email-request => 200
2022-09-29T19:49:15.481  INFO --- [   asgi_gw_2] localstack.request.http    : POST /000000000000/patient-email-request => 200
2022-09-29T19:49:35.511  INFO --- [   asgi_gw_0] localstack.request.http    : POST /000000000000/patient-email-request => 200
2022-09-29T19:49:55.597  INFO --- [   asgi_gw_3] localstack.request.http    : POST /000000000000/patient-email-request => 200
2022-09-29T19:50:15.625  INFO --- [   asgi_gw_2] localstack.request.http    : POST /000000000000/patient-email-request => 200
2022-09-29T19:50:35.657  INFO --- [   asgi_gw_0] localstack.request.http    : POST /000000000000/patient-email-request => 200
2022-09-29T19:50:55.732  INFO --- [   asgi_gw_3] localstack.request.http    : POST /000000000000/patient-email-request => 200
2022-09-29T19:51:15.761  INFO --- [   asgi_gw_2] localstack.request.http    : POST /000000000000/patient-email-request => 200
2022-09-29T19:51:35.828  INFO --- [   asgi_gw_0] localstack.request.http    : POST /000000000000/patient-email-request => 200
2022-09-29T19:51:55.925  INFO --- [   asgi_gw_2] localstack.request.http    : POST /000000000000/patient-email-request => 200
2022-09-29T19:52:15.975  INFO --- [   asgi_gw_3] localstack.request.http    : POST /000000000000/patient-email-request => 200
2022-09-29T19:52:36.006  INFO --- [   asgi_gw_0] localstack.request.http    : POST /000000000000/patient-email-request => 200
2022-09-29T19:52:56.087  INFO --- [   asgi_gw_2] localstack.request.http    : POST /000000000000/patient-email-request => 200
2022-09-29T19:53:16.138  INFO --- [   asgi_gw_3] localstack.request.http    : POST /000000000000/patient-email-request => 200
2022-09-29T19:53:36.175  INFO --- [   asgi_gw_0] localstack.request.http    : POST /000000000000/patient-email-request => 200
2022-09-29T19:53:56.256  INFO --- [   asgi_gw_2] localstack.request.http    : POST /000000000000/patient-email-request => 200
2022-09-29T19:54:16.293  INFO --- [   asgi_gw_3] localstack.request.http    : POST /000000000000/patient-email-request => 200
2022-09-29T19:54:36.319  INFO --- [   asgi_gw_2] localstack.request.http    : POST /000000000000/patient-email-request => 200
2022-09-29T19:54:56.402  INFO --- [   asgi_gw_0] localstack.request.http    : POST /000000000000/patient-email-request => 200
2022-09-29T19:55:16.445  INFO --- [   asgi_gw_3] localstack.request.http    : POST /000000000000/patient-email-request => 200
2022-09-29T19:55:36.470  INFO --- [   asgi_gw_2] localstack.request.http    : POST /000000000000/patient-email-request => 200
2022-09-29T19:55:56.553  INFO --- [   asgi_gw_0] localstack.request.http    : POST /000000000000/patient-email-request => 200
2022-09-29T19:56:16.583  INFO --- [   asgi_gw_3] localstack.request.http    : POST /000000000000/patient-email-request => 200
2022-09-29T19:56:36.613  INFO --- [   asgi_gw_2] localstack.request.http    : POST /000000000000/patient-email-request => 200
2022-09-29T19:56:56.685  INFO --- [   asgi_gw_0] localstack.request.http    : POST /000000000000/patient-email-request => 200
2022-09-29T19:57:16.716  INFO --- [   asgi_gw_3] localstack.request.http    : POST /000000000000/patient-email-request => 200
2022-09-29T19:57:36.753  INFO --- [   asgi_gw_0] localstack.request.http    : POST /000000000000/patient-email-request => 200
2022-09-29T19:57:56.832  INFO --- [   asgi_gw_2] localstack.request.http    : POST /000000000000/patient-email-request => 200
2022-09-29T19:58:16.875  INFO --- [   asgi_gw_3] localstack.request.http    : POST /000000000000/patient-email-request => 200
2022-09-29T19:58:36.900  INFO --- [   asgi_gw_0] localstack.request.http    : POST /000000000000/patient-email-request => 200
2022-09-29T19:58:56.992  INFO --- [   asgi_gw_2] localstack.request.http    : POST /000000000000/patient-email-request => 200
2022-09-29T19:59:17.018  INFO --- [   asgi_gw_3] localstack.request.http    : POST /000000000000/patient-email-request => 200
2022-09-29T19:59:37.045  INFO --- [   asgi_gw_0] localstack.request.http    : POST /000000000000/patient-email-request => 200
2022-09-29T19:59:57.117  INFO --- [   asgi_gw_2] localstack.request.http    : POST /000000000000/patient-email-request => 200
2022-09-29T20:00:17.147  INFO --- [   asgi_gw_0] localstack.request.http    : POST /000000000000/patient-email-request => 200
2022-09-29T20:00:37.197  INFO --- [   asgi_gw_3] localstack.request.http    : POST /000000000000/patient-email-request => 200
2022-09-29T20:00:57.283  INFO --- [   asgi_gw_2] localstack.request.http    : POST /000000000000/patient-email-request => 200
2022-09-29T20:01:17.350  INFO --- [   asgi_gw_0] localstack.request.http    : POST /000000000000/patient-email-request => 200
2022-09-29T20:01:37.392  INFO --- [   asgi_gw_3] localstack.request.http    : POST /000000000000/patient-email-request => 200
2022-09-29T20:01:57.499  INFO --- [   asgi_gw_2] localstack.request.http    : POST /000000000000/patient-email-request => 200
2022-09-29T20:02:17.554  INFO --- [   asgi_gw_0] localstack.request.http    : POST /000000000000/patient-email-request => 200
2022-09-29T20:02:37.585  INFO --- [   asgi_gw_2] localstack.request.http    : POST /000000000000/patient-email-request => 200
2022-09-29T20:02:57.703  INFO --- [   asgi_gw_3] localstack.request.http    : POST /000000000000/patient-email-request => 200
2022-09-29T20:03:17.771  INFO --- [   asgi_gw_0] localstack.request.http    : POST /000000000000/patient-email-request => 200
2022-09-29T20:03:37.796  INFO --- [   asgi_gw_2] localstack.request.http    : POST /000000000000/patient-email-request => 200
2022-09-29T20:03:57.897  INFO --- [   asgi_gw_3] localstack.request.http    : POST /000000000000/patient-email-request => 200
2022-09-29T20:04:17.943  INFO --- [   asgi_gw_0] localstack.request.http    : POST /000000000000/patient-email-request => 200
2022-09-29T20:04:37.996  INFO --- [   asgi_gw_2] localstack.request.http    : POST /000000000000/patient-email-request => 200
2022-09-29T20:04:58.083  INFO --- [   asgi_gw_3] localstack.request.http    : POST /000000000000/patient-email-request => 200
2022-09-29T20:05:18.108  INFO --- [   asgi_gw_2] localstack.request.http    : POST /000000000000/patient-email-request => 200
2022-09-29T20:05:38.147  INFO --- [   asgi_gw_0] localstack.request.http    : POST /000000000000/patient-email-request => 200
2022-09-29T20:05:58.228  INFO --- [   asgi_gw_3] localstack.request.http    : POST /000000000000/patient-email-request => 200
2022-09-29T20:06:18.255  INFO --- [   asgi_gw_2] localstack.request.http    : POST /000000000000/patient-email-request => 200
2022-09-29T20:06:38.301  INFO --- [   asgi_gw_0] localstack.request.http    : POST /000000000000/patient-email-request => 200
2022-09-29T20:06:58.388  INFO --- [   asgi_gw_3] localstack.request.http    : POST /000000000000/patient-email-request => 200
2022-09-29T20:07:18.423  INFO --- [   asgi_gw_2] localstack.request.http    : POST /000000000000/patient-email-request => 200
2022-09-29T20:07:38.454  INFO --- [   asgi_gw_0] localstack.request.http    : POST /000000000000/patient-email-request => 200
2022-09-29T20:07:58.527  INFO --- [   asgi_gw_2] localstack.request.http    : POST /000000000000/patient-email-request => 200
2022-09-29T20:08:18.564  INFO --- [   asgi_gw_3] localstack.request.http    : POST /000000000000/patient-email-request => 200
2022-09-29T20:08:38.605  INFO --- [   asgi_gw_0] localstack.request.http    : POST /000000000000/patient-email-request => 200
2022-09-29T20:08:58.696  INFO --- [   asgi_gw_2] localstack.request.http    : POST /000000000000/patient-email-request => 200
2022-09-29T20:09:18.729  INFO --- [   asgi_gw_3] localstack.request.http    : POST /000000000000/patient-email-request => 200
2022-09-29T20:09:38.762  INFO --- [   asgi_gw_0] localstack.request.http    : POST /000000000000/patient-email-request => 200
2022-09-29T20:09:58.835  INFO --- [   asgi_gw_2] localstack.request.http    : POST /000000000000/patient-email-request => 200
2022-09-29T20:10:18.885  INFO --- [   asgi_gw_3] localstack.request.http    : POST /000000000000/patient-email-request => 200
2022-09-29T20:10:38.930  INFO --- [   asgi_gw_2] localstack.request.http    : POST /000000000000/patient-email-request => 200
2022-09-29T20:10:59.031  INFO --- [   asgi_gw_0] localstack.request.http    : POST /000000000000/patient-email-request => 200
2022-09-29T20:11:19.067  INFO --- [   asgi_gw_3] localstack.request.http    : POST /000000000000/patient-email-request => 200
2022-09-29T20:11:39.098  INFO --- [   asgi_gw_0] localstack.request.http    : POST /000000000000/patient-email-request => 200
2022-09-29T20:11:59.172  INFO --- [   asgi_gw_2] localstack.request.http    : POST /000000000000/patient-email-request => 200
2022-09-29T20:12:19.199  INFO --- [   asgi_gw_3] localstack.request.http    : POST /000000000000/patient-email-request => 200
2022-09-29T20:12:39.226  INFO --- [   asgi_gw_2] localstack.request.http    : POST /000000000000/patient-email-request => 200
2022-09-29T20:12:59.302  INFO --- [   asgi_gw_0] localstack.request.http    : POST /000000000000/patient-email-request => 200
2022-09-29T20:13:19.325  INFO --- [   asgi_gw_3] localstack.request.http    : POST /000000000000/patient-email-request => 200
2022-09-29T20:13:39.349  INFO --- [   asgi_gw_2] localstack.request.http    : POST /000000000000/patient-email-request => 200
2022-09-29T20:13:59.429  INFO --- [   asgi_gw_0] localstack.request.http    : POST /000000000000/patient-email-request => 200
2022-09-29T20:14:19.450  INFO --- [   asgi_gw_3] localstack.request.http    : POST /000000000000/patient-email-request => 200
2022-09-29T20:14:39.475  INFO --- [   asgi_gw_0] localstack.request.http    : POST /000000000000/patient-email-request => 200
2022-09-29T20:14:59.544  INFO --- [   asgi_gw_2] localstack.request.http    : POST /000000000000/patient-email-request => 200
2022-09-29T20:15:19.569  INFO --- [   asgi_gw_0] localstack.request.http    : POST /000000000000/patient-email-request => 200
2022-09-29T20:15:39.601  INFO --- [   asgi_gw_3] localstack.request.http    : POST /000000000000/patient-email-request => 200
2022-09-29T20:15:59.669  INFO --- [   asgi_gw_0] localstack.request.http    : POST /000000000000/patient-email-request => 200
2022-09-29T20:16:19.703  INFO --- [   asgi_gw_3] localstack.request.http    : POST /000000000000/patient-email-request => 200
2022-09-29T20:16:39.724  INFO --- [   asgi_gw_0] localstack.request.http    : POST /000000000000/patient-email-request => 200
2022-09-29T20:16:59.794  INFO --- [   asgi_gw_2] localstack.request.http    : POST /000000000000/patient-email-request => 200
2022-09-29T20:17:19.823  INFO --- [   asgi_gw_3] localstack.request.http    : POST /000000000000/patient-email-request => 200
2022-09-29T20:17:39.856  INFO --- [   asgi_gw_0] localstack.request.http    : POST /000000000000/patient-email-request => 200
2022-09-29T20:17:59.933  INFO --- [   asgi_gw_2] localstack.request.http    : POST /000000000000/patient-email-request => 200
2022-09-29T20:18:19.956  INFO --- [   asgi_gw_0] localstack.request.http    : POST /000000000000/patient-email-request => 200
2022-09-29T20:18:39.980  INFO --- [   asgi_gw_3] localstack.request.http    : POST /000000000000/patient-email-request => 200
2022-09-29T20:19:00.053  INFO --- [   asgi_gw_2] localstack.request.http    : POST /000000000000/patient-email-request => 200
2022-09-29T20:19:20.079  INFO --- [   asgi_gw_0] localstack.request.http    : POST /000000000000/patient-email-request => 200
2022-09-29T20:19:40.108  INFO --- [   asgi_gw_3] localstack.request.http    : POST /000000000000/patient-email-request => 200
2022-09-29T20:20:00.184  INFO --- [   asgi_gw_0] localstack.request.http    : POST /000000000000/patient-email-request => 200
2022-09-29T20:20:20.209  INFO --- [   asgi_gw_3] localstack.request.http    : POST /000000000000/patient-email-request => 200
2022-09-29T20:20:40.226  INFO --- [   asgi_gw_2] localstack.request.http    : POST /000000000000/patient-email-request => 200
2022-09-29T20:21:00.310  INFO --- [   asgi_gw_3] localstack.request.http    : POST /000000000000/patient-email-request => 200
2022-09-29T20:21:20.336  INFO --- [   asgi_gw_0] localstack.request.http    : POST /000000000000/patient-email-request => 200
2022-09-29T20:21:40.354  INFO --- [   asgi_gw_2] localstack.request.http    : POST /000000000000/patient-email-request => 200
2022-09-29T20:22:00.430  INFO --- [   asgi_gw_0] localstack.request.http    : POST /000000000000/patient-email-request => 200
2022-09-29T20:22:20.455  INFO --- [   asgi_gw_2] localstack.request.http    : POST /000000000000/patient-email-request => 200
2022-09-29T20:22:40.476  INFO --- [   asgi_gw_3] localstack.request.http    : POST /000000000000/patient-email-request => 200
2022-09-29T20:23:00.540  INFO --- [   asgi_gw_0] localstack.request.http    : POST /000000000000/patient-email-request => 200
2022-09-29T20:23:20.563  INFO --- [   asgi_gw_2] localstack.request.http    : POST /000000000000/patient-email-request => 200
2022-09-29T20:23:40.587  INFO --- [   asgi_gw_3] localstack.request.http    : POST /000000000000/patient-email-request => 200
2022-09-29T20:24:00.655  INFO --- [   asgi_gw_0] localstack.request.http    : POST /000000000000/patient-email-request => 200
2022-09-29T20:24:20.681  INFO --- [   asgi_gw_3] localstack.request.http    : POST /000000000000/patient-email-request => 200
2022-09-29T20:24:40.706  INFO --- [   asgi_gw_2] localstack.request.http    : POST /000000000000/patient-email-request => 200
2022-09-29T20:25:00.771  INFO --- [   asgi_gw_0] localstack.request.http    : POST /000000000000/patient-email-request => 200
2022-09-29T20:25:20.796  INFO --- [   asgi_gw_3] localstack.request.http    : POST /000000000000/patient-email-request => 200
2022-09-29T20:25:40.820  INFO --- [   asgi_gw_2] localstack.request.http    : POST /000000000000/patient-email-request => 200
2022-09-29T20:26:00.898  INFO --- [   asgi_gw_0] localstack.request.http    : POST /000000000000/patient-email-request => 200
2022-09-29T20:26:20.927  INFO --- [   asgi_gw_2] localstack.request.http    : POST /000000000000/patient-email-request => 200
2022-09-29T20:26:40.953  INFO --- [   asgi_gw_3] localstack.request.http    : POST /000000000000/patient-email-request => 200
2022-09-29T20:27:01.025  INFO --- [   asgi_gw_0] localstack.request.http    : POST /000000000000/patient-email-request => 200
2022-09-29T20:27:21.050  INFO --- [   asgi_gw_2] localstack.request.http    : POST /000000000000/patient-email-request => 200
2022-09-29T20:27:41.076  INFO --- [   asgi_gw_3] localstack.request.http    : POST /000000000000/patient-email-request => 200
2022-09-29T20:28:01.160  INFO --- [   asgi_gw_2] localstack.request.http    : POST /000000000000/patient-email-request => 200
2022-09-29T20:28:21.182  INFO --- [   asgi_gw_3] localstack.request.http    : POST /000000000000/patient-email-request => 200
2022-09-29T20:28:41.209  INFO --- [   asgi_gw_0] localstack.request.http    : POST /000000000000/patient-email-request => 200
2022-09-29T20:29:01.276  INFO --- [   asgi_gw_2] localstack.request.http    : POST /000000000000/patient-email-request => 200
2022-09-29T20:29:21.294  INFO --- [   asgi_gw_3] localstack.request.http    : POST /000000000000/patient-email-request => 200
2022-09-29T20:29:41.321  INFO --- [   asgi_gw_0] localstack.request.http    : POST /000000000000/patient-email-request => 200
2022-09-29T20:30:01.383  INFO --- [   asgi_gw_2] localstack.request.http    : POST /000000000000/patient-email-request => 200
2022-09-29T20:30:21.406  INFO --- [   asgi_gw_0] localstack.request.http    : POST /000000000000/patient-email-request => 200
2022-09-29T20:30:41.427  INFO --- [   asgi_gw_3] localstack.request.http    : POST /000000000000/patient-email-request => 200
2022-09-29T20:31:01.490  INFO --- [   asgi_gw_2] localstack.request.http    : POST /000000000000/patient-email-request => 200
2022-09-29T20:31:21.525  INFO --- [   asgi_gw_0] localstack.request.http    : POST /000000000000/patient-email-request => 200
2022-09-29T20:31:41.597  INFO --- [   asgi_gw_3] localstack.request.http    : POST /000000000000/patient-email-request => 200
2022-09-29T20:32:01.676  INFO --- [   asgi_gw_0] localstack.request.http    : POST /000000000000/patient-email-request => 200
2022-09-29T20:32:21.701  INFO --- [   asgi_gw_3] localstack.request.http    : POST /000000000000/patient-email-request => 200
2022-09-29T20:32:41.723  INFO --- [   asgi_gw_2] localstack.request.http    : POST /000000000000/patient-email-request => 200
2022-09-29T20:33:01.789  INFO --- [   asgi_gw_0] localstack.request.http    : POST /000000000000/patient-email-request => 200
2022-09-29T20:33:21.814  INFO --- [   asgi_gw_2] localstack.request.http    : POST /000000000000/patient-email-request => 200
2022-09-29T20:33:41.854  INFO --- [   asgi_gw_3] localstack.request.http    : POST /000000000000/patient-email-request => 200
2022-09-29T20:34:01.928  INFO --- [   asgi_gw_2] localstack.request.http    : POST /000000000000/patient-email-request => 200
2022-09-29T20:34:21.955  INFO --- [   asgi_gw_0] localstack.request.http    : POST /000000000000/patient-email-request => 200
2022-09-29T20:34:41.987  INFO --- [   asgi_gw_2] localstack.request.http    : POST /000000000000/patient-email-request => 200
2022-09-29T20:35:02.055  INFO --- [   asgi_gw_3] localstack.request.http    : POST /000000000000/patient-email-request => 200
2022-09-29T20:35:22.084  INFO --- [   asgi_gw_0] localstack.request.http    : POST /000000000000/patient-email-request => 200
2022-09-29T20:35:41.760  INFO --- [   asgi_gw_0] localstack.request.aws     : AWS dynamodb.Scan => 200
2022-09-29T20:35:42.110  INFO --- [   asgi_gw_2] localstack.request.http    : POST /000000000000/patient-email-request => 200
2022-09-29T20:35:45.383  INFO --- [   asgi_gw_2] localstack.request.aws     : AWS dynamodb.Scan => 200
2022-09-29T20:35:51.275  INFO --- [   asgi_gw_0] localstack.request.aws     : AWS dynamodb.UpdateItem => 200
2022-09-29T20:35:53.905  INFO --- [   asgi_gw_2] localstack.request.aws     : AWS dynamodb.Scan => 200
2022-09-29T20:36:02.200  INFO --- [   asgi_gw_3] localstack.request.http    : POST /000000000000/patient-email-request => 200
2022-09-29T20:36:05.257  INFO --- [   asgi_gw_0] localstack.request.aws     : AWS dynamodb.UpdateItem => 200
2022-09-29T20:36:07.170  INFO --- [   asgi_gw_0] localstack.request.aws     : AWS dynamodb.Scan => 200
2022-09-29T20:36:22.230  INFO --- [   asgi_gw_2] localstack.request.http    : POST /000000000000/patient-email-request => 200
2022-09-29T20:36:42.279  INFO --- [   asgi_gw_0] localstack.request.http    : POST /000000000000/patient-email-request => 200
2022-09-29T20:36:53.363  INFO --- [   asgi_gw_0] localstack.request.aws     : AWS s3.GetBucketAcl => 200
2022-09-29T20:36:53.711  INFO --- [   asgi_gw_2] localstack.request.aws     : AWS s3.PutObject => 200
2022-09-29T20:36:53.734  INFO --- [   asgi_gw_0] localstack.request.aws     : AWS sqs.SendMessage => 200
2022-09-29T20:36:58.795  INFO --- [   asgi_gw_3] localstack.request.http    : POST /000000000000/patient-email-request => 200
2022-09-29T20:36:58.856  INFO --- [   asgi_gw_2] localstack.request.http    : POST /000000000000/patient-email-request => 200
2022-09-29T20:37:18.939  INFO --- [   asgi_gw_0] localstack.request.http    : POST /000000000000/patient-email-request => 200
2022-09-29T20:37:23.640  INFO --- [   asgi_gw_0] localstack.request.aws     : AWS s3.GetBucketAcl => 200
2022-09-29T20:37:23.694  INFO --- [   asgi_gw_2] localstack.request.aws     : AWS s3.PutObject => 200
2022-09-29T20:37:23.708  INFO --- [   asgi_gw_0] localstack.request.aws     : AWS sqs.SendMessage => 200
2022-09-29T20:37:28.785  INFO --- [   asgi_gw_3] localstack.request.http    : POST /000000000000/patient-email-request => 200
2022-09-29T20:37:28.873  INFO --- [   asgi_gw_1] localstack.request.http    : POST /000000000000/patient-email-request => 200
2022-09-29T20:37:28.908  INFO --- [   asgi_gw_3] localstack.request.aws     : AWS sns.Subscribe => 200
2022-09-29T20:37:28.933  INFO --- [   asgi_gw_1] localstack.request.aws     : AWS sns.Publish => 200
2022-09-29T20:37:28.961  INFO --- [   asgi_gw_1] localstack.request.aws     : AWS sns.Unsubscribe => 200
2022-09-29T20:37:46.677  INFO --- [   asgi_gw_1] localstack.request.aws     : AWS s3.GetObject => 200
2022-09-29T20:37:48.870  INFO --- [   asgi_gw_2] localstack.request.http    : POST /000000000000/patient-email-request => 200
2022-09-29T20:38:08.902  INFO --- [   asgi_gw_3] localstack.request.http    : POST /000000000000/patient-email-request => 200
2022-09-29T20:38:28.920  INFO --- [   asgi_gw_1] localstack.request.http    : POST /000000000000/patient-email-request => 200
2022-09-29T20:38:48.988  INFO --- [   asgi_gw_3] localstack.request.http    : POST /000000000000/patient-email-request => 200
2022-09-29T20:39:09.031  INFO --- [   asgi_gw_2] localstack.request.http    : POST /000000000000/patient-email-request => 200
2022-09-29T20:39:29.132  INFO --- [   asgi_gw_1] localstack.request.http    : POST /000000000000/patient-email-request => 200
2022-09-29T20:39:49.202  INFO --- [   asgi_gw_3] localstack.request.http    : POST /000000000000/patient-email-request => 200
2022-09-29T20:40:09.224  INFO --- [   asgi_gw_2] localstack.request.http    : POST /000000000000/patient-email-request => 200
2022-09-29T20:40:29.248  INFO --- [   asgi_gw_1] localstack.request.http    : POST /000000000000/patient-email-request => 200
2022-09-29T20:40:49.317  INFO --- [   asgi_gw_2] localstack.request.http    : POST /000000000000/patient-email-request => 200
2022-09-29T20:41:09.347  INFO --- [   asgi_gw_3] localstack.request.http    : POST /000000000000/patient-email-request => 200
2022-09-29T20:41:29.375  INFO --- [   asgi_gw_1] localstack.request.http    : POST /000000000000/patient-email-request => 200
2022-09-29T20:41:49.442  INFO --- [   asgi_gw_2] localstack.request.http    : POST /000000000000/patient-email-request => 200
2022-09-29T20:42:09.473  INFO --- [   asgi_gw_3] localstack.request.http    : POST /000000000000/patient-email-request => 200
2022-09-29T20:42:29.499  INFO --- [   asgi_gw_1] localstack.request.http    : POST /000000000000/patient-email-request => 200
2022-09-29T20:42:49.568  INFO --- [   asgi_gw_2] localstack.request.http    : POST /000000000000/patient-email-request => 200
2022-09-29T20:43:09.595  INFO --- [   asgi_gw_1] localstack.request.http    : POST /000000000000/patient-email-request => 200
2022-09-29T20:43:29.616  INFO --- [   asgi_gw_3] localstack.request.http    : POST /000000000000/patient-email-request => 200
2022-09-29T20:43:49.696  INFO --- [   asgi_gw_1] localstack.request.http    : POST /000000000000/patient-email-request => 200
2022-09-29T20:44:09.734  INFO --- [   asgi_gw_2] localstack.request.http    : POST /000000000000/patient-email-request => 200
2022-09-29T20:44:29.769  INFO --- [   asgi_gw_3] localstack.request.http    : POST /000000000000/patient-email-request => 200
2022-09-29T20:44:49.851  INFO --- [   asgi_gw_1] localstack.request.http    : POST /000000000000/patient-email-request => 200
2022-09-29T20:45:09.903  INFO --- [   asgi_gw_3] localstack.request.http    : POST /000000000000/patient-email-request => 200
2022-09-29T20:45:29.929  INFO --- [   asgi_gw_2] localstack.request.http    : POST /000000000000/patient-email-request => 200
2022-09-29T20:45:49.988  INFO --- [   asgi_gw_3] localstack.request.http    : POST /000000000000/patient-email-request => 200
2022-09-29T20:46:10.012  INFO --- [   asgi_gw_1] localstack.request.http    : POST /000000000000/patient-email-request => 200
2022-09-29T20:46:30.035  INFO --- [   asgi_gw_2] localstack.request.http    : POST /000000000000/patient-email-request => 200
2022-09-29T20:46:50.137  INFO --- [   asgi_gw_3] localstack.request.http    : POST /000000000000/patient-email-request => 200
2022-09-29T20:47:10.209  INFO --- [   asgi_gw_2] localstack.request.http    : POST /000000000000/patient-email-request => 200
2022-09-29T20:47:30.246  INFO --- [   asgi_gw_1] localstack.request.http    : POST /000000000000/patient-email-request => 200
2022-09-29T20:47:50.328  INFO --- [   asgi_gw_3] localstack.request.http    : POST /000000000000/patient-email-request => 200
2022-09-29T20:48:10.364  INFO --- [   asgi_gw_1] localstack.request.http    : POST /000000000000/patient-email-request => 200
2022-09-29T20:48:30.407  INFO --- [   asgi_gw_2] localstack.request.http    : POST /000000000000/patient-email-request => 200
2022-09-29T20:48:50.495  INFO --- [   asgi_gw_3] localstack.request.http    : POST /000000000000/patient-email-request => 200
2022-09-29T20:49:10.539  INFO --- [   asgi_gw_2] localstack.request.http    : POST /000000000000/patient-email-request => 200
2022-09-29T20:49:30.578  INFO --- [   asgi_gw_1] localstack.request.http    : POST /000000000000/patient-email-request => 200
2022-09-29T20:49:50.643  INFO --- [   asgi_gw_3] localstack.request.http    : POST /000000000000/patient-email-request => 200
2022-09-29T20:50:10.662  INFO --- [   asgi_gw_2] localstack.request.http    : POST /000000000000/patient-email-request => 200
